Compiler version U-2023.03-SP2_Full64; Runtime version U-2023.03-SP2_Full64;  Dec 22 19:30 2025
UVM_INFO @ 0: reporter [RNTST] Running test i2c_test...
UVM_INFO ./simulation/testbench.sv(84) @ 0: uvm_test_top.env.agent.driver [DRV] Starting Write: Addr=50 Data=95
UVM_ERROR ./simulation/testbench.sv(146) @ 1795: uvm_test_top.env.agent.driver [DRV] NACK (No ACK) received during Address phase
UVM_ERROR ./simulation/testbench.sv(146) @ 3545: uvm_test_top.env.agent.driver [DRV] NACK (No ACK) received during Data phase
UVM_INFO ./simulation/testbench.sv(84) @ 3945: uvm_test_top.env.agent.driver [DRV] Starting Write: Addr=50 Data=5
UVM_ERROR ./simulation/testbench.sv(146) @ 5745: uvm_test_top.env.agent.driver [DRV] NACK (No ACK) received during Address phase
UVM_ERROR ./simulation/testbench.sv(146) @ 7495: uvm_test_top.env.agent.driver [DRV] NACK (No ACK) received during Data phase
UVM_INFO ./simulation/testbench.sv(84) @ 7895: uvm_test_top.env.agent.driver [DRV] Starting Write: Addr=50 Data=af
UVM_ERROR ./simulation/testbench.sv(146) @ 9695: uvm_test_top.env.agent.driver [DRV] NACK (No ACK) received during Address phase
UVM_ERROR ./simulation/testbench.sv(146) @ 11445: uvm_test_top.env.agent.driver [DRV] NACK (No ACK) received during Data phase
UVM_INFO /apps/vcsmx/vcs/U-2023.03-SP2//etc/uvm-1.2/src/base/uvm_objection.svh(1276) @ 11845: reporter [TEST_DONE] 'run' phase is ready to proceed to the 'extract' phase
UVM_INFO /apps/vcsmx/vcs/U-2023.03-SP2//etc/uvm-1.2/src/base/uvm_report_server.svh(904) @ 11845: reporter [UVM/REPORT/SERVER] 
--- UVM Report Summary ---

** Report counts by severity
UVM_INFO :    5
UVM_WARNING :    0
UVM_ERROR :    6
UVM_FATAL :    0
** Report counts by id
[DRV]     9
[RNTST]     1
[TEST_DONE]     1

$finish called from file "/apps/vcsmx/vcs/U-2023.03-SP2//etc/uvm-1.2/src/base/uvm_root.svh", line 527.
$finish at simulation time                11845
           V C S   S i m u l a t i o n   R e p o r t 
Time: 11845 ns
CPU Time:      0.440 seconds;       Data structure size:   0.3Mb
Mon Dec 22 19:30:34 2025